<?xml version="1.0" encoding="UTF-8"?>
<!-- Generated by org.testng.reporters.JUnitReportReporter -->
<testsuite hostname="DESKTOP-CCMCD1O" failures="0" tests="5" name="com.qa.askomdch.tests.LoginPageTest" time="4.315" errors="0" timestamp="2023-03-25T13:16:50 IST" skipped="0">
  <testcase classname="com.qa.askomdch.tests.LoginPageTest" name="loginPageTitleTest" time="0.143"/>
  <system-out/>
  <testcase classname="com.qa.askomdch.tests.LoginPageTest" name="loginPageURLTest" time="0.017"/>
  <system-out/>
  <testcase classname="com.qa.askomdch.tests.LoginPageTest" name="lostYourPwdLinkExistTest" time="0.051"/>
  <system-out/>
  <testcase classname="com.qa.askomdch.tests.LoginPageTest" name="requiredFieldCountTest" time="0.029"/>
  <system-out/>
  <testcase classname="com.qa.askomdch.tests.LoginPageTest" name="loginTest" time="4.075"/>
  <system-out/>
</testsuite> <!-- com.qa.askomdch.tests.LoginPageTest -->
