<?xml version="1.0" encoding="UTF-8"?>
<!-- Generated by org.testng.reporters.JUnitReportReporter -->
<testsuite hostname="DESKTOP-CCMCD1O" failures="0" tests="5" name="com.qa.askomdch.tests.LoginPageTest" time="1.235" errors="0" timestamp="2023-03-06T18:23:34 IST" skipped="0">
  <testcase classname="com.qa.askomdch.tests.LoginPageTest" name="loginPageTitleTest" time="0.018"/>
  <system-out/>
  <testcase classname="com.qa.askomdch.tests.LoginPageTest" name="loginPageURLTest" time="0.010"/>
  <system-out/>
  <testcase classname="com.qa.askomdch.tests.LoginPageTest" name="lostYourPwdLinkExistTest" time="0.065"/>
  <system-out/>
  <testcase classname="com.qa.askomdch.tests.LoginPageTest" name="requiredFieldCount" time="0.018"/>
  <system-out/>
  <testcase classname="com.qa.askomdch.tests.LoginPageTest" name="login" time="1.124"/>
  <system-out/>
</testsuite> <!-- com.qa.askomdch.tests.LoginPageTest -->
